<?xml version="1.0" encoding="UTF-8"?>
<!-- Generated by org.testng.reporters.JUnitReportReporter -->
<testsuite hostname="BOOK-QC7FQPRQ1U" failures="0" tests="4" name="lisa.testrunner.CucumberTestRunner" time="7.600" errors="0" timestamp="2023-07-04T12:32:38 EDT" skipped="0">
  <testcase classname="lisa.testrunner.CucumberTestRunner" name="runScenario" time="2.169"/>
  <system-out/>
  <testcase classname="lisa.testrunner.CucumberTestRunner" name="runScenario" time="1.967"/>
  <system-out/>
  <testcase classname="lisa.testrunner.CucumberTestRunner" name="runScenario" time="3.464"/>
  <system-out/>
  <testcase classname="lisa.testrunner.CucumberTestRunner" name="test1" time="0.000"/>
  <system-out/>
</testsuite> <!-- lisa.testrunner.CucumberTestRunner -->
