<?xml version="1.0" encoding="UTF-8"?>
<!-- Generated by org.testng.reporters.JUnitReportReporter -->
<testsuite hostname="BOOK-QC7FQPRQ1U" failures="0" tests="4" name="lisa.testrunner.CucumberTestRunner" time="5.600" errors="0" timestamp="2023-06-23T09:29:38 EDT" skipped="0">
  <testcase classname="lisa.testrunner.CucumberTestRunner" name="runScenario" time="1.484"/>
  <system-out/>
  <testcase classname="lisa.testrunner.CucumberTestRunner" name="runScenario" time="1.542"/>
  <system-out/>
  <testcase classname="lisa.testrunner.CucumberTestRunner" name="runScenario" time="2.573"/>
  <system-out/>
  <testcase classname="lisa.testrunner.CucumberTestRunner" name="test1" time="0.001"/>
  <system-out/>
</testsuite> <!-- lisa.testrunner.CucumberTestRunner -->
